The system is: Linux - 2.6.24-21-generic - i686
Compiling the C compiler identification source file "CMakeCCompilerId.c" succeeded.
Compiler: /usr/bin/gcc 
Build flags: 
Id flags: 

The output was:
0


Compilation of the C compiler identification source "CMakeCCompilerId.c" produced "a.out"

The C compiler identification is GNU, found in "/home/rj/src/playdar/resolver-ext/lan/build/CMakeFiles/CompilerIdC/a.out"

Compiling the CXX compiler identification source file "CMakeCXXCompilerId.cpp" succeeded.
Compiler: /usr/bin/c++ 
Build flags: 
Id flags: 

The output was:
0
CMakeCXXCompilerId.cpp:67: warning: deprecated conversion from string constant to ‘char*’
CMakeCXXCompilerId.cpp:151: warning: deprecated conversion from string constant to ‘char*’


Compilation of the CXX compiler identification source "CMakeCXXCompilerId.cpp" produced "a.out"

The CXX compiler identification is GNU, found in "/home/rj/src/playdar/resolver-ext/lan/build/CMakeFiles/CompilerIdCXX/a.out"

Determining if the C compiler works passed with the following output:
Change Dir: /home/rj/src/playdar/resolver-ext/lan/build/CMakeFiles/CMakeTmp

Run Build Command:/usr/bin/make "cmTryCompileExec/fast"
/usr/bin/make -f CMakeFiles/cmTryCompileExec.dir/build.make CMakeFiles/cmTryCompileExec.dir/build
make[1]: Entering directory `/home/rj/src/playdar/resolver-ext/lan/build/CMakeFiles/CMakeTmp'
/home/rj/src/cmake-2.6.2-Linux-i386/bin/cmake -E cmake_progress_report /home/rj/src/playdar/resolver-ext/lan/build/CMakeFiles/CMakeTmp/CMakeFiles 1
Building C object CMakeFiles/cmTryCompileExec.dir/testCCompiler.c.o
/usr/bin/gcc    -o CMakeFiles/cmTryCompileExec.dir/testCCompiler.c.o   -c /home/rj/src/playdar/resolver-ext/lan/build/CMakeFiles/CMakeTmp/testCCompiler.c
Linking C executable cmTryCompileExec
/home/rj/src/cmake-2.6.2-Linux-i386/bin/cmake -E cmake_link_script CMakeFiles/cmTryCompileExec.dir/link.txt --verbose=1
/usr/bin/gcc       -fPIC CMakeFiles/cmTryCompileExec.dir/testCCompiler.c.o  -o cmTryCompileExec -rdynamic 
make[1]: Leaving directory `/home/rj/src/playdar/resolver-ext/lan/build/CMakeFiles/CMakeTmp'


Detecting C compiler ABI info compiled with the following output:
Change Dir: /home/rj/src/playdar/resolver-ext/lan/build/CMakeFiles/CMakeTmp

Run Build Command:/usr/bin/make "cmTryCompileExec/fast"
/usr/bin/make -f CMakeFiles/cmTryCompileExec.dir/build.make CMakeFiles/cmTryCompileExec.dir/build
make[1]: Entering directory `/home/rj/src/playdar/resolver-ext/lan/build/CMakeFiles/CMakeTmp'
/home/rj/src/cmake-2.6.2-Linux-i386/bin/cmake -E cmake_progress_report /home/rj/src/playdar/resolver-ext/lan/build/CMakeFiles/CMakeTmp/CMakeFiles 1
Building C object CMakeFiles/cmTryCompileExec.dir/CMakeCCompilerABI.c.o
/usr/bin/gcc    -o CMakeFiles/cmTryCompileExec.dir/CMakeCCompilerABI.c.o   -c /home/rj/src/cmake-2.6.2-Linux-i386/share/cmake-2.6/Modules/CMakeCCompilerABI.c
Linking C executable cmTryCompileExec
/home/rj/src/cmake-2.6.2-Linux-i386/bin/cmake -E cmake_link_script CMakeFiles/cmTryCompileExec.dir/link.txt --verbose=1
/usr/bin/gcc       -fPIC CMakeFiles/cmTryCompileExec.dir/CMakeCCompilerABI.c.o  -o cmTryCompileExec -rdynamic 
make[1]: Leaving directory `/home/rj/src/playdar/resolver-ext/lan/build/CMakeFiles/CMakeTmp'


Determining if the CXX compiler works passed with the following output:
Change Dir: /home/rj/src/playdar/resolver-ext/lan/build/CMakeFiles/CMakeTmp

Run Build Command:/usr/bin/make "cmTryCompileExec/fast"
/usr/bin/make -f CMakeFiles/cmTryCompileExec.dir/build.make CMakeFiles/cmTryCompileExec.dir/build
make[1]: Entering directory `/home/rj/src/playdar/resolver-ext/lan/build/CMakeFiles/CMakeTmp'
/home/rj/src/cmake-2.6.2-Linux-i386/bin/cmake -E cmake_progress_report /home/rj/src/playdar/resolver-ext/lan/build/CMakeFiles/CMakeTmp/CMakeFiles 1
Building CXX object CMakeFiles/cmTryCompileExec.dir/testCXXCompiler.cxx.o
/usr/bin/c++     -o CMakeFiles/cmTryCompileExec.dir/testCXXCompiler.cxx.o -c /home/rj/src/playdar/resolver-ext/lan/build/CMakeFiles/CMakeTmp/testCXXCompiler.cxx
Linking CXX executable cmTryCompileExec
/home/rj/src/cmake-2.6.2-Linux-i386/bin/cmake -E cmake_link_script CMakeFiles/cmTryCompileExec.dir/link.txt --verbose=1
/usr/bin/c++        -fPIC CMakeFiles/cmTryCompileExec.dir/testCXXCompiler.cxx.o  -o cmTryCompileExec -rdynamic 
make[1]: Leaving directory `/home/rj/src/playdar/resolver-ext/lan/build/CMakeFiles/CMakeTmp'


Detecting CXX compiler ABI info compiled with the following output:
Change Dir: /home/rj/src/playdar/resolver-ext/lan/build/CMakeFiles/CMakeTmp

Run Build Command:/usr/bin/make "cmTryCompileExec/fast"
/usr/bin/make -f CMakeFiles/cmTryCompileExec.dir/build.make CMakeFiles/cmTryCompileExec.dir/build
make[1]: Entering directory `/home/rj/src/playdar/resolver-ext/lan/build/CMakeFiles/CMakeTmp'
/home/rj/src/cmake-2.6.2-Linux-i386/bin/cmake -E cmake_progress_report /home/rj/src/playdar/resolver-ext/lan/build/CMakeFiles/CMakeTmp/CMakeFiles 1
Building CXX object CMakeFiles/cmTryCompileExec.dir/CMakeCXXCompilerABI.cpp.o
/usr/bin/c++     -o CMakeFiles/cmTryCompileExec.dir/CMakeCXXCompilerABI.cpp.o -c /home/rj/src/cmake-2.6.2-Linux-i386/share/cmake-2.6/Modules/CMakeCXXCompilerABI.cpp
Linking CXX executable cmTryCompileExec
/home/rj/src/cmake-2.6.2-Linux-i386/bin/cmake -E cmake_link_script CMakeFiles/cmTryCompileExec.dir/link.txt --verbose=1
/usr/bin/c++        -fPIC CMakeFiles/cmTryCompileExec.dir/CMakeCXXCompilerABI.cpp.o  -o cmTryCompileExec -rdynamic 
make[1]: Leaving directory `/home/rj/src/playdar/resolver-ext/lan/build/CMakeFiles/CMakeTmp'


Determining if the function uuid_create exists in the /usr/lib/libossp-uuid.so passed with the following output:
Change Dir: /home/rj/src/playdar/resolver-ext/lan/build/CMakeFiles/CMakeTmp

Run Build Command:/usr/bin/make "cmTryCompileExec/fast"
/usr/bin/make -f CMakeFiles/cmTryCompileExec.dir/build.make CMakeFiles/cmTryCompileExec.dir/build
make[1]: Entering directory `/home/rj/src/playdar/resolver-ext/lan/build/CMakeFiles/CMakeTmp'
/home/rj/src/cmake-2.6.2-Linux-i386/bin/cmake -E cmake_progress_report /home/rj/src/playdar/resolver-ext/lan/build/CMakeFiles/CMakeTmp/CMakeFiles 1
Building C object CMakeFiles/cmTryCompileExec.dir/CheckFunctionExists.c.o
/usr/bin/gcc   -DCHECK_FUNCTION_EXISTS=uuid_create   -o CMakeFiles/cmTryCompileExec.dir/CheckFunctionExists.c.o   -c /home/rj/src/cmake-2.6.2-Linux-i386/share/cmake-2.6/Modules/CheckFunctionExists.c
Linking C executable cmTryCompileExec
/home/rj/src/cmake-2.6.2-Linux-i386/bin/cmake -E cmake_link_script CMakeFiles/cmTryCompileExec.dir/link.txt --verbose=1
/usr/bin/gcc     -DCHECK_FUNCTION_EXISTS=uuid_create  -fPIC CMakeFiles/cmTryCompileExec.dir/CheckFunctionExists.c.o  -o cmTryCompileExec -rdynamic -lossp-uuid 
make[1]: Leaving directory `/home/rj/src/playdar/resolver-ext/lan/build/CMakeFiles/CMakeTmp'


